0 info it worked if it ends with ok
1 verbose cli [ '/usr/local/bin/node', '/usr/local/bin/npm', 'run', 'ui-dev' ]
2 info using npm@3.9.3
3 info using node@v6.2.1
4 verbose run-script [ 'preui-dev', 'ui-dev', 'postui-dev' ]
5 info lifecycle ani-mate@1.0.0~preui-dev: ani-mate@1.0.0
6 silly lifecycle ani-mate@1.0.0~preui-dev: no script for preui-dev, continuing
7 info lifecycle ani-mate@1.0.0~ui-dev: ani-mate@1.0.0
8 verbose lifecycle ani-mate@1.0.0~ui-dev: unsafe-perm in lifecycle true
9 verbose lifecycle ani-mate@1.0.0~ui-dev: PATH: /usr/local/lib/node_modules/npm/bin/node-gyp-bin:/Users/annikahagelin/cod3/starter-kit/node_modules/.bin:/usr/local/bin:/usr/local/bin:/Library/Frameworks/Python.framework/Versions/2.7/bin:/usr/local/bin:/usr/bin:/bin:/usr/sbin:/sbin
10 verbose lifecycle ani-mate@1.0.0~ui-dev: CWD: /Users/annikahagelin/cod3/starter-kit
11 silly lifecycle ani-mate@1.0.0~ui-dev: Args: [ '-c', 'node ui/build/dev-server.js' ]
12 silly lifecycle ani-mate@1.0.0~ui-dev: Returned: code: 1  signal: null
13 info lifecycle ani-mate@1.0.0~ui-dev: Failed to exec ui-dev script
14 verbose stack Error: ani-mate@1.0.0 ui-dev: `node ui/build/dev-server.js`
14 verbose stack Exit status 1
14 verbose stack     at EventEmitter.<anonymous> (/usr/local/lib/node_modules/npm/lib/utils/lifecycle.js:245:16)
14 verbose stack     at emitTwo (events.js:106:13)
14 verbose stack     at EventEmitter.emit (events.js:191:7)
14 verbose stack     at ChildProcess.<anonymous> (/usr/local/lib/node_modules/npm/lib/utils/spawn.js:24:14)
14 verbose stack     at emitTwo (events.js:106:13)
14 verbose stack     at ChildProcess.emit (events.js:191:7)
14 verbose stack     at maybeClose (internal/child_process.js:852:16)
14 verbose stack     at Process.ChildProcess._handle.onexit (internal/child_process.js:215:5)
15 verbose pkgid ani-mate@1.0.0
16 verbose cwd /Users/annikahagelin/cod3/starter-kit
17 error Darwin 14.3.0
18 error argv "/usr/local/bin/node" "/usr/local/bin/npm" "run" "ui-dev"
19 error node v6.2.1
20 error npm  v3.9.3
21 error code ELIFECYCLE
22 error ani-mate@1.0.0 ui-dev: `node ui/build/dev-server.js`
22 error Exit status 1
23 error Failed at the ani-mate@1.0.0 ui-dev script 'node ui/build/dev-server.js'.
23 error Make sure you have the latest version of node.js and npm installed.
23 error If you do, this is most likely a problem with the ani-mate package,
23 error not with npm itself.
23 error Tell the author that this fails on your system:
23 error     node ui/build/dev-server.js
23 error You can get information on how to open an issue for this project with:
23 error     npm bugs ani-mate
23 error Or if that isn't available, you can get their info via:
23 error     npm owner ls ani-mate
23 error There is likely additional logging output above.
24 verbose exit [ 1, true ]
